0 info it worked if it ends with ok
1 verbose cli [ '/usr/local/bin/node',
1 verbose cli   '/usr/local/bin/npm',
1 verbose cli   'publish',
1 verbose cli   './',
1 verbose cli   '--tag',
1 verbose cli   'beta' ]
2 info using npm@3.8.6
3 info using node@v6.0.0
4 verbose publish [ './' ]
5 silly cache add args [ './', null ]
6 verbose cache add spec ./
7 silly cache add parsed spec Result {
7 silly cache add   raw: './',
7 silly cache add   scope: null,
7 silly cache add   name: null,
7 silly cache add   rawSpec: './',
7 silly cache add   spec: '/Users/mohammad/Documents/htdocs/react-classnames',
7 silly cache add   type: 'directory' }
8 verbose addLocalDirectory /Users/mohammad/.npm/react-classnames/1.0.0/package.tgz not in flight; packing
9 verbose correctMkdir /Users/mohammad/.npm correctMkdir not in flight; initializing
10 info lifecycle react-classnames@1.0.0~prepublish: react-classnames@1.0.0
11 silly lifecycle react-classnames@1.0.0~prepublish: no script for prepublish, continuing
12 verbose tar pack [ '/Users/mohammad/.npm/react-classnames/1.0.0/package.tgz',
12 verbose tar pack   '/Users/mohammad/Documents/htdocs/react-classnames' ]
13 verbose tarball /Users/mohammad/.npm/react-classnames/1.0.0/package.tgz
14 verbose folder /Users/mohammad/Documents/htdocs/react-classnames
15 verbose addLocalTarball adding from inside cache /Users/mohammad/.npm/react-classnames/1.0.0/package.tgz
16 verbose correctMkdir /Users/mohammad/.npm correctMkdir not in flight; initializing
17 silly cache afterAdd react-classnames@1.0.0
18 verbose afterAdd /Users/mohammad/.npm/react-classnames/1.0.0/package/package.json not in flight; writing
19 verbose correctMkdir /Users/mohammad/.npm correctMkdir not in flight; initializing
20 verbose afterAdd /Users/mohammad/.npm/react-classnames/1.0.0/package/package.json written
21 silly publish { name: 'react-classnames',
21 silly publish   version: '1.0.0',
21 silly publish   description: 'Use and manage multi classNames in react and jsx easly',
21 silly publish   main: 'index.js',
21 silly publish   scripts: { test: 'echo "Error: no test specified" && exit 1' },
21 silly publish   keywords: [ 'classNames', 'mutli', 'classes' ],
21 silly publish   author:
21 silly publish    { name: 'Mohammad Rajabifard',
21 silly publish      email: 'mo.rajbi@gmail.com',
21 silly publish      url: '@morajabi' },
21 silly publish   license: 'MIT',
21 silly publish   readme: 'ERROR: No README data found!',
21 silly publish   _id: 'react-classnames@1.0.0',
21 silly publish   _shasum: '3a39aec0c8ff6eb25ef34bd2f7fcbb0998476f4e',
21 silly publish   _from: '.' }
22 verbose getPublishConfig undefined
23 silly mapToRegistry name react-classnames
24 silly mapToRegistry using default registry
25 silly mapToRegistry registry https://registry.npmjs.org/
26 silly mapToRegistry data Result {
26 silly mapToRegistry   raw: 'react-classnames',
26 silly mapToRegistry   scope: null,
26 silly mapToRegistry   name: 'react-classnames',
26 silly mapToRegistry   rawSpec: '',
26 silly mapToRegistry   spec: 'latest',
26 silly mapToRegistry   type: 'tag' }
27 silly mapToRegistry uri https://registry.npmjs.org/react-classnames
28 verbose publish registryBase https://registry.npmjs.org/
29 silly publish uploading /Users/mohammad/.npm/react-classnames/1.0.0/package.tgz
30 verbose request uri https://registry.npmjs.org/react-classnames
31 verbose request sending authorization for write operation
32 info attempt registry request try #1 at 8:58:57 PM
33 verbose request using bearer token for auth
34 verbose request id d305b39aa4cdf9ee
35 http request PUT https://registry.npmjs.org/react-classnames
36 http 403 https://registry.npmjs.org/react-classnames
37 verbose headers { 'content-type': 'application/json',
37 verbose headers   'cache-control': 'max-age=300',
37 verbose headers   'content-length': '110',
37 verbose headers   'accept-ranges': 'bytes',
37 verbose headers   date: 'Fri, 29 Jul 2016 16:28:59 GMT',
37 verbose headers   via: '1.1 varnish',
37 verbose headers   connection: 'keep-alive',
37 verbose headers   'x-served-by': 'cache-fra1247-FRA',
37 verbose headers   'x-cache': 'MISS',
37 verbose headers   'x-cache-hits': '0',
37 verbose headers   'x-timer': 'S1469809738.870122,VS0,VE683',
37 verbose headers   vary: 'Accept-Encoding' }
38 verbose request invalidating /Users/mohammad/.npm/registry.npmjs.org/react-classnames on PUT
39 error publish Failed PUT 403
40 verbose stack Error: you do not have permission to publish "react-classnames". Are you logged in as the correct user? : react-classnames
40 verbose stack     at makeError (/usr/local/lib/node_modules/npm/node_modules/npm-registry-client/lib/request.js:264:12)
40 verbose stack     at CachingRegistryClient.<anonymous> (/usr/local/lib/node_modules/npm/node_modules/npm-registry-client/lib/request.js:252:14)
40 verbose stack     at Request._callback (/usr/local/lib/node_modules/npm/node_modules/npm-registry-client/lib/request.js:172:14)
40 verbose stack     at Request.self.callback (/usr/local/lib/node_modules/npm/node_modules/request/request.js:199:22)
40 verbose stack     at emitTwo (events.js:106:13)
40 verbose stack     at Request.emit (events.js:191:7)
40 verbose stack     at Request.<anonymous> (/usr/local/lib/node_modules/npm/node_modules/request/request.js:1036:10)
40 verbose stack     at emitOne (events.js:101:20)
40 verbose stack     at Request.emit (events.js:188:7)
40 verbose stack     at IncomingMessage.<anonymous> (/usr/local/lib/node_modules/npm/node_modules/request/request.js:963:12)
41 verbose statusCode 403
42 verbose pkgid react-classnames
43 verbose cwd /Users/mohammad/Documents/htdocs/react-classnames
44 error Darwin 15.5.0
45 error argv "/usr/local/bin/node" "/usr/local/bin/npm" "publish" "./" "--tag" "beta"
46 error node v6.0.0
47 error npm  v3.8.6
48 error code E403
49 error you do not have permission to publish "react-classnames". Are you logged in as the correct user? : react-classnames
50 error If you need help, you may report this error at:
50 error     <https://github.com/npm/npm/issues>
51 verbose exit [ 1, true ]
